> Task :checkKotlinGradlePluginConfigurationErrors SKIPPED
> Task :preBuild UP-TO-DATE
> Task :preDebugBuild UP-TO-DATE
> Task :generateDebugBuildConfig UP-TO-DATE
> Task :generateDebugResValues UP-TO-DATE
> Task :generateDebugResources UP-TO-DATE
> Task :packageDebugResources UP-TO-DATE
> Task :parseDebugLocalResources UP-TO-DATE
> Task :generateDebugRFile UP-TO-DATE
> Task :compileDebugKotlin UP-TO-DATE
> Task :javaPreCompileDebug UP-TO-DATE
> Task :compileDebugJavaWithJavac UP-TO-DATE
> Task :bundleLibRuntimeToJarDebug UP-TO-DATE
> Task :bundleLibCompileToJarDebug UP-TO-DATE
> Task :preDebugUnitTestBuild UP-TO-DATE
> Task :generateDebugUnitTestStubRFile UP-TO-DATE
> Task :compileDebugUnitTestKotlin UP-TO-DATE
> Task :javaPreCompileDebugUnitTest UP-TO-DATE
> Task :compileDebugUnitTestJavaWithJavac NO-SOURCE
> Task :processDebugJavaRes UP-TO-DATE
> Task :processDebugUnitTestJavaRes UP-TO-DATE
.\gradlew : OpenJDK 64-Bit Server VM warning: 
Sharing is only supported for boot loader classes 
because bootstrap classpath has been appended
At line:1 char:1
+ .\gradlew testDebugUnitTest > test_out.txt 2>&1
+ ~~~~~~~~~~~~~~~~~~~~~~~~~~~~~~~~~~~~~~~~~~~~~~~
    + CategoryInfo          : NotSpecified: (OpenJ 
   DK 64-Bit ...s been appended:String) [], Remot  
  eException
    + FullyQualifiedErrorId : NativeCommandError
 

> Task :testDebugUnitTest

SessionManagerTest > startSession starts a new session and logs event FAILED
    org.mockito.exceptions.verification.TooManyActualInvocations at SessionManagerTest.kt:76

46 tests completed, 1 failed

> Task :testDebugUnitTest FAILED

FAILURE: Build failed with an exception.

* What went wrong:
Execution failed for task ':testDebugUnitTest'.
> There were failing tests. See the report at: file
:///C:/Users/TESTTTT/AndroidStudioProjects/BetaFlox
/betaflox_sdk/build/reports/tests/testDebugUnitTest
/index.html

* Try:
> Run with --scan to get full insights.

BUILD FAILED in 6s
17 actionable tasks: 1 executed, 16 up-to-date
