<?xml version="1.0" encoding="UTF-8"?>
<testsuite name="com.betaflox.sdk.fraud.RootDetectorTest" tests="7" skipped="0" failures="0" errors="0" timestamp="2026-02-24T01:48:19" hostname="DESKTOP-PM8OTAT" time="0.005">
  <properties/>
  <testcase name="detectMagisk returns true for Magisk package names" classname="com.betaflox.sdk.fraud.RootDetectorTest" time="0.002"/>
  <testcase name="testKeys detection works correctly" classname="com.betaflox.sdk.fraud.RootDetectorTest" time="0.001"/>
  <testcase name="dangerous props are detected" classname="com.betaflox.sdk.fraud.RootDetectorTest" time="0.0"/>
  <testcase name="regular system paths are not flagged as su paths" classname="com.betaflox.sdk.fraud.RootDetectorTest" time="0.001"/>
  <testcase name="checkForSuBinary returns true when su exists" classname="com.betaflox.sdk.fraud.RootDetectorTest" time="0.0"/>
  <testcase name="getRootIndicators returns complete report" classname="com.betaflox.sdk.fraud.RootDetectorTest" time="0.001"/>
  <testcase name="normal packages are not flagged as root packages" classname="com.betaflox.sdk.fraud.RootDetectorTest" time="0.0"/>
  <system-out><![CDATA[]]></system-out>
  <system-err><![CDATA[]]></system-err>
</testsuite>
