<?xml version="1.0" encoding="UTF-8"?>
<testsuite name="com.betaflox.sdk.fraud.ReinstallDetectorTest" tests="8" skipped="0" failures="0" errors="0" timestamp="2026-02-24T01:48:19" hostname="DESKTOP-PM8OTAT" time="0.005">
  <properties/>
  <testcase name="isReinstall returns false on first install" classname="com.betaflox.sdk.fraud.ReinstallDetectorTest" time="0.002"/>
  <testcase name="isReinstall returns false when install time matches" classname="com.betaflox.sdk.fraud.ReinstallDetectorTest" time="0.0"/>
  <testcase name="isSignificantTimeDifference detects meaningful gaps" classname="com.betaflox.sdk.fraud.ReinstallDetectorTest" time="0.001"/>
  <testcase name="formatInstallDate returns readable format" classname="com.betaflox.sdk.fraud.ReinstallDetectorTest" time="0.001"/>
  <testcase name="calculateTimeDifference works correctly" classname="com.betaflox.sdk.fraud.ReinstallDetectorTest" time="0.0"/>
  <testcase name="getReinstallInfo returns complete data" classname="com.betaflox.sdk.fraud.ReinstallDetectorTest" time="0.0"/>
  <testcase name="validateTimestamp handles edge cases" classname="com.betaflox.sdk.fraud.ReinstallDetectorTest" time="0.0"/>
  <testcase name="isReinstall returns true when install time is newer than stored time" classname="com.betaflox.sdk.fraud.ReinstallDetectorTest" time="0.0"/>
  <system-out><![CDATA[]]></system-out>
  <system-err><![CDATA[]]></system-err>
</testsuite>
