<?xml version="1.0" encoding="UTF-8"?>
<testsuite name="com.betaflox.sdk.tracking.SessionManagerTest" tests="3" skipped="0" failures="0" errors="0" timestamp="2026-02-24T01:48:18" hostname="DESKTOP-PM8OTAT" time="1.059">
  <properties/>
  <testcase name="endSession clears preferences" classname="com.betaflox.sdk.tracking.SessionManagerTest" time="1.03"/>
  <testcase name="startSession starts a new session and logs event" classname="com.betaflox.sdk.tracking.SessionManagerTest" time="0.012"/>
  <testcase name="pauseSession logs duration and ends session" classname="com.betaflox.sdk.tracking.SessionManagerTest" time="0.012"/>
  <system-out><![CDATA[]]></system-out>
  <system-err><![CDATA[WARNING: A Java agent has been loaded dynamically (C:\Users\TESTTTT\.gradle\caches\8.11.1\transforms\ce9696fbaba547fe186bd950737db76b\transformed\jetified-byte-buddy-agent-1.14.11.jar)
WARNING: If a serviceability tool is in use, please run with -XX:+EnableDynamicAgentLoading to hide this warning
WARNING: If a serviceability tool is not in use, please run with -Djdk.instrument.traceUsage for more information
WARNING: Dynamic loading of agents will be disallowed by default in a future release
]]></system-err>
</testsuite>
